<?xml version="1.0" encoding="UTF-8"?>
<testng-results skipped="0" failed="0" ignored="0" total="1" passed="1">
  <reporter-output>
  </reporter-output>
  <suite name="Suite" duration-ms="1802" started-at="2022-12-10T03:05:07Z" finished-at="2022-12-10T03:05:09Z">
    <groups>
    </groups>
    <test name="Test" duration-ms="1802" started-at="2022-12-10T03:05:07Z" finished-at="2022-12-10T03:05:09Z">
      <class name="restAPIBDD.PostRequest">
        <test-method status="PASS" signature="test1()[pri:0, instance:restAPIBDD.PostRequest@3cb5cdba]" name="test1" duration-ms="1788" started-at="2022-12-10T03:05:07Z" finished-at="2022-12-10T03:05:09Z">
          <reporter-output>
          </reporter-output>
        </test-method> <!-- test1 -->
      </class> <!-- restAPIBDD.PostRequest -->
    </test> <!-- Test -->
  </suite> <!-- Suite -->
</testng-results>
